<?xml version="1.0" encoding="UTF-8"?>
<!-- Generated by org.testng.reporters.JUnitXMLReporter -->
<testsuite ignored="0" hostname="DESKTOP-B9T832L" failures="2" tests="2" name="Test exp" time="65.834" errors="0" timestamp="2023-06-18T18:22:47 IST">
  <testcase classname="testCases.TC_001_AccountRegistrationTest" name="test_account_registration" time="7.56">
    <failure type="java.lang.AssertionError" message="null">
      <![CDATA[java.lang.AssertionError: null
at testCases.TC_001_AccountRegistrationTest.test_account_registration(TC_001_AccountRegistrationTest.java:43)
at java.base/java.util.ArrayList.forEach(ArrayList.java:1511)
... Removed 29 stack frames]]>
    </failure>
  </testcase> <!-- test_account_registration -->
  <testcase classname="testCases.After_login" name="afterlogin" time="40.886">
    <failure type="java.lang.AssertionError" message="null">
      <![CDATA[java.lang.AssertionError: null
at pageObjects.For_login_parameters.getCOnfirmationMsg1(For_login_parameters.java:72)
at testCases.After_login.afterlogin(After_login.java:31)
at java.base/java.util.ArrayList.forEach(ArrayList.java:1511)
... Removed 29 stack frames]]>
    </failure>
  </testcase> <!-- afterlogin -->
</testsuite> <!-- Test exp -->
